2026-04-02 17:19:02,941 - git.cmd - DEBUG - Popen(['git', 'version'], cwd=C:\Users\allen\Desktop\Antigravity\backend, stdin=None, shell=False, universal_newlines=False)
2026-04-02 17:19:03,088 - git.cmd - DEBUG - Popen(['git', 'version'], cwd=C:\Users\allen\Desktop\Antigravity\backend, stdin=None, shell=False, universal_newlines=False)
2026-04-02 17:19:03,198 - git.util - DEBUG - sys.platform='win32', git_executable='git'
2026-04-02 17:19:03,366 - ingest_data - INFO - Starting data ingestion process.
2026-04-02 17:19:03,367 - housing.ingest - INFO - Fetching housing data from https://raw.githubusercontent.com/ageron/handson-ml/master/datasets/housing/housing.tgz to data/raw
2026-04-02 17:19:03,952 - housing.ingest - INFO - Data extraction complete.
2026-04-02 17:19:03,952 - housing.ingest - INFO - Loading housing data from data/raw\housing.csv
2026-04-02 17:19:04,050 - housing.ingest - INFO - Preparing train and test datasets based on income category.
2026-04-02 17:19:04,142 - housing.ingest - INFO - Train and test splits created successfully.
2026-04-02 17:19:04,841 - ingest_data - INFO - Train dataset saved to data/processed\train.csv
2026-04-02 17:19:04,852 - ingest_data - INFO - Test dataset saved to data/processed\test.csv
2026-04-02 17:28:01,334 - git.cmd - DEBUG - Popen(['git', 'version'], cwd=C:\Users\allen\Desktop\Antigravity\backend, stdin=None, shell=False, universal_newlines=False)
2026-04-02 17:28:01,541 - git.cmd - DEBUG - Popen(['git', 'version'], cwd=C:\Users\allen\Desktop\Antigravity\backend, stdin=None, shell=False, universal_newlines=False)
2026-04-02 17:28:01,654 - git.util - DEBUG - sys.platform='win32', git_executable='git'
2026-04-02 17:28:02,400 - ingest_data - INFO - Starting data ingestion process.
2026-04-02 17:28:02,400 - housing.ingest - INFO - Fetching housing data from https://raw.githubusercontent.com/ageron/handson-ml/master/datasets/housing/housing.tgz to data/raw
2026-04-02 17:28:03,110 - housing.ingest - INFO - Data extraction complete.
2026-04-02 17:28:03,117 - housing.ingest - INFO - Loading housing data from data/raw\housing.csv
2026-04-02 17:28:03,191 - housing.ingest - INFO - Preparing train and test datasets based on income category.
2026-04-02 17:28:03,244 - housing.ingest - INFO - Train and test splits created successfully.
2026-04-02 17:28:03,476 - ingest_data - INFO - Train dataset saved to data/processed\train.csv
2026-04-02 17:28:03,477 - ingest_data - INFO - Test dataset saved to data/processed\test.csv
2026-04-03 12:16:55,665 - git.cmd - DEBUG - Popen(['git', 'version'], cwd=C:\Users\allen\Desktop\Antigravity\backend, stdin=None, shell=False, universal_newlines=False)
2026-04-03 12:16:55,935 - git.cmd - DEBUG - Popen(['git', 'version'], cwd=C:\Users\allen\Desktop\Antigravity\backend, stdin=None, shell=False, universal_newlines=False)
2026-04-03 12:16:56,051 - git.util - DEBUG - sys.platform='win32', git_executable='git'
2026-04-03 12:16:56,243 - ingest_data - INFO - Starting data ingestion process.
2026-04-03 12:16:56,243 - housing.ingest - INFO - Fetching housing data from https://raw.githubusercontent.com/ageron/handson-ml/master/datasets/housing/housing.tgz to data/raw
2026-04-03 12:16:56,885 - housing.ingest - INFO - Data extraction complete.
2026-04-03 12:16:56,885 - housing.ingest - INFO - Loading housing data from data/raw\housing.csv
2026-04-03 12:16:56,951 - housing.ingest - INFO - Preparing train and test datasets based on income category.
2026-04-03 12:16:57,003 - housing.ingest - INFO - Train and test splits created successfully.
2026-04-03 12:16:57,272 - ingest_data - INFO - Train dataset saved to data/processed\train.csv
2026-04-03 12:16:57,275 - ingest_data - INFO - Test dataset saved to data/processed\test.csv
