2026-04-02 17:28:12,605 - git.cmd - DEBUG - Popen(['git', 'version'], cwd=C:\Users\allen\Desktop\Antigravity\backend, stdin=None, shell=False, universal_newlines=False)
2026-04-02 17:28:12,743 - git.cmd - DEBUG - Popen(['git', 'version'], cwd=C:\Users\allen\Desktop\Antigravity\backend, stdin=None, shell=False, universal_newlines=False)
2026-04-02 17:28:12,868 - git.util - DEBUG - sys.platform='win32', git_executable='git'
2026-04-02 17:28:13,023 - train - INFO - Starting model training process.
2026-04-02 17:28:13,065 - housing.train - INFO - Training Random Forest model using Grid Search with Pipeline...
2026-04-02 17:29:56,260 - housing.train - INFO - Best Parameters: {'forest_reg__max_features': 4, 'forest_reg__n_estimators': 30}
2026-04-02 17:29:56,365 - train - INFO - Model saved to artifacts\model.pkl
2026-04-03 12:17:04,233 - git.cmd - DEBUG - Popen(['git', 'version'], cwd=C:\Users\allen\Desktop\Antigravity\backend, stdin=None, shell=False, universal_newlines=False)
2026-04-03 12:17:04,342 - git.cmd - DEBUG - Popen(['git', 'version'], cwd=C:\Users\allen\Desktop\Antigravity\backend, stdin=None, shell=False, universal_newlines=False)
2026-04-03 12:17:04,431 - git.util - DEBUG - sys.platform='win32', git_executable='git'
2026-04-03 12:17:04,545 - train - INFO - Starting model training process.
2026-04-03 12:17:04,594 - housing.train - INFO - Training models using Pipeline...
2026-04-03 12:17:04,596 - housing.train - INFO - Training Linear Regression...
2026-04-03 12:17:04,733 - housing.train - INFO - Training Decision Tree...
2026-04-03 12:17:05,168 - housing.train - INFO - Training Random Forest...
2026-04-03 12:18:48,938 - train - INFO - Model saved to artifacts\linear_regression.pkl
2026-04-03 12:18:49,070 - train - INFO - Model saved to artifacts\decision_tree.pkl
2026-04-03 12:18:49,180 - train - INFO - Model saved to artifacts\random_forest.pkl
2026-04-04 18:05:45,742 - git.cmd - DEBUG - Popen(['git', 'version'], cwd=C:\Users\allen\Desktop\Antigravity\backend, stdin=None, shell=False, universal_newlines=False)
2026-04-04 18:05:45,863 - git.cmd - DEBUG - Popen(['git', 'version'], cwd=C:\Users\allen\Desktop\Antigravity\backend, stdin=None, shell=False, universal_newlines=False)
2026-04-04 18:05:45,962 - git.util - DEBUG - sys.platform='win32', git_executable='git'
2026-04-04 18:05:45,965 - git.cmd - DEBUG - Popen(['git', 'check-ignore', 'C:\\Users\\allen\\Desktop\\Antigravity\\backend\\scripts'], cwd=C:\Users\allen\Desktop\Antigravity, stdin=None, shell=False, universal_newlines=False)
2026-04-04 18:05:46,075 - git.cmd - DEBUG - Popen(['git', 'cat-file', '--batch-check'], cwd=C:\Users\allen\Desktop\Antigravity, stdin=<valid stream>, shell=False, universal_newlines=False)
2026-04-04 18:05:46,480 - train - INFO - Starting model training process.
2026-04-04 18:05:46,540 - housing.train - INFO - Training all three models with shared preprocessing pipeline...
2026-04-04 18:05:46,543 - housing.train - INFO - Fitting Linear Regression...
2026-04-04 18:05:46,642 - housing.train - INFO - Linear Regression fitted successfully.
2026-04-04 18:05:46,644 - housing.train - INFO - Fitting Decision Tree...
2026-04-04 18:05:47,001 - housing.train - INFO - Decision Tree fitted successfully.
2026-04-04 18:05:47,003 - housing.train - INFO - Fitting Random Forest with GridSearchCV (this takes ~1-2 min)...
2026-04-04 18:07:31,973 - housing.train - INFO - Random Forest best params: {'forest__max_features': 4, 'forest__n_estimators': 30}
2026-04-04 18:07:31,984 - train - INFO - Model saved to artifacts\linear_regression.pkl
2026-04-04 18:07:32,061 - train - INFO - Model saved to artifacts\decision_tree.pkl
2026-04-04 18:07:32,189 - train - INFO - Model saved to artifacts\random_forest.pkl
